<?xml version="1.0" encoding="UTF-8"?>
<!-- Generated by org.testng.reporters.JUnitReportReporter -->
<testsuite hostname="LAPTOP-HE76TO44" name="AlertsSamples.alertMethods" tests="1" failures="0" timestamp="4 Mar 2020 14:29:29 GMT" time="0.001" errors="1">
  <testcase name="promptAlert" time="0.001" classname="AlertsSamples.alertMethods">
    <error type="org.openqa.selenium.SessionNotCreatedException" message="session not created: This version of ChromeDriver only supports Chrome version 76
Build info: version: &#039;3.141.59&#039;, revision: &#039;e82be7d358&#039;, time: &#039;2018-11-14T08:25:48&#039;
System info: host: &#039;LAPTOP-HE76TO44&#039;, ip: &#039;192.168.1.39&#039;, os.name: &#039;Windows 10&#039;, os.arch: &#039;amd64&#039;, os.version: &#039;10.0&#039;, java.version: &#039;1.8.0_231&#039;
Driver info: driver.version: ChromeDriver
remote stacktrace: Backtrace:
	Ordinal0 [0x00FB7C53+1473619]
	Ordinal0 [0x00F3AD71+961905]
	Ordinal0 [0x00EC42B3+475827]
	Ordinal0 [0x00E5F365+62309]
	Ordinal0 [0x00E5BC77+48247]
	Ordinal0 [0x00E79149+168265]
	Ordinal0 [0x00E78D1D+167197]
	Ordinal0 [0x00E7742B+160811]
	Ordinal0 [0x00E60AE6+68326]
	Ordinal0 [0x00E61BF0+72688]
	Ordinal0 [0x00E61B89+72585]
	Ordinal0 [0x00F54B37+1067831]
	GetHandleVerifier [0x01056845+506677]
	GetHandleVerifier [0x010565E0+506064]
	GetHandleVerifier [0x0105D188+533624]
	GetHandleVerifier [0x0105701A+508682]
	Ordinal0 [0x00F4C226+1032742]
	Ordinal0 [0x00F4C09F+1032351]
	Ordinal0 [0x00F56A4B+1075787]
	Ordinal0 [0x00F56BB3+1076147]
	Ordinal0 [0x00F55B65+1071973]
	BaseThreadInitThunk [0x75986359+25]
	RtlGetAppContainerNamedObjectPath [0x77467B74+228]
	RtlGetAppContainerNamedObjectPath [0x77467B44+180]
">
      <![CDATA[org.openqa.selenium.SessionNotCreatedException: session not created: This version of ChromeDriver only supports Chrome version 76
Build info: version: '3.141.59', revision: 'e82be7d358', time: '2018-11-14T08:25:48'
System info: host: 'LAPTOP-HE76TO44', ip: '192.168.1.39', os.name: 'Windows 10', os.arch: 'amd64', os.version: '10.0', java.version: '1.8.0_231'
Driver info: driver.version: ChromeDriver
remote stacktrace: Backtrace:
	Ordinal0 [0x00FB7C53+1473619]
	Ordinal0 [0x00F3AD71+961905]
	Ordinal0 [0x00EC42B3+475827]
	Ordinal0 [0x00E5F365+62309]
	Ordinal0 [0x00E5BC77+48247]
	Ordinal0 [0x00E79149+168265]
	Ordinal0 [0x00E78D1D+167197]
	Ordinal0 [0x00E7742B+160811]
	Ordinal0 [0x00E60AE6+68326]
	Ordinal0 [0x00E61BF0+72688]
	Ordinal0 [0x00E61B89+72585]
	Ordinal0 [0x00F54B37+1067831]
	GetHandleVerifier [0x01056845+506677]
	GetHandleVerifier [0x010565E0+506064]
	GetHandleVerifier [0x0105D188+533624]
	GetHandleVerifier [0x0105701A+508682]
	Ordinal0 [0x00F4C226+1032742]
	Ordinal0 [0x00F4C09F+1032351]
	Ordinal0 [0x00F56A4B+1075787]
	Ordinal0 [0x00F56BB3+1076147]
	Ordinal0 [0x00F55B65+1071973]
	BaseThreadInitThunk [0x75986359+25]
	RtlGetAppContainerNamedObjectPath [0x77467B74+228]
	RtlGetAppContainerNamedObjectPath [0x77467B44+180]

	at sun.reflect.NativeConstructorAccessorImpl.newInstance0(Native Method)
	at sun.reflect.NativeConstructorAccessorImpl.newInstance(Unknown Source)
	at sun.reflect.DelegatingConstructorAccessorImpl.newInstance(Unknown Source)
	at java.lang.reflect.Constructor.newInstance(Unknown Source)
	at org.openqa.selenium.remote.W3CHandshakeResponse.lambda$errorHandler$0(W3CHandshakeResponse.java:62)
	at org.openqa.selenium.remote.HandshakeResponse.lambda$getResponseFunction$0(HandshakeResponse.java:30)
	at org.openqa.selenium.remote.ProtocolHandshake.lambda$createSession$0(ProtocolHandshake.java:126)
	at java.util.stream.ReferencePipeline$3$1.accept(Unknown Source)
	at java.util.Spliterators$ArraySpliterator.tryAdvance(Unknown Source)
	at java.util.stream.ReferencePipeline.forEachWithCancel(Unknown Source)
	at java.util.stream.AbstractPipeline.copyIntoWithCancel(Unknown Source)
	at java.util.stream.AbstractPipeline.copyInto(Unknown Source)
	at java.util.stream.AbstractPipeline.wrapAndCopyInto(Unknown Source)
	at java.util.stream.FindOps$FindOp.evaluateSequential(Unknown Source)
	at java.util.stream.AbstractPipeline.evaluate(Unknown Source)
	at java.util.stream.ReferencePipeline.findFirst(Unknown Source)
	at org.openqa.selenium.remote.ProtocolHandshake.createSession(ProtocolHandshake.java:128)
	at org.openqa.selenium.remote.ProtocolHandshake.createSession(ProtocolHandshake.java:74)
	at org.openqa.selenium.remote.HttpCommandExecutor.execute(HttpCommandExecutor.java:136)
	at org.openqa.selenium.remote.service.DriverCommandExecutor.execute(DriverCommandExecutor.java:83)
	at org.openqa.selenium.remote.RemoteWebDriver.execute(RemoteWebDriver.java:552)
	at org.openqa.selenium.remote.RemoteWebDriver.startSession(RemoteWebDriver.java:213)
	at org.openqa.selenium.remote.RemoteWebDriver.<init>(RemoteWebDriver.java:131)
	at org.openqa.selenium.chrome.ChromeDriver.<init>(ChromeDriver.java:181)
	at org.openqa.selenium.chrome.ChromeDriver.<init>(ChromeDriver.java:168)
	at org.openqa.selenium.chrome.ChromeDriver.<init>(ChromeDriver.java:123)
	at AlertsSamples.alertMethods.beforeTest(alertMethods.java:67)
	at sun.reflect.NativeMethodAccessorImpl.invoke0(Native Method)
	at sun.reflect.NativeMethodAccessorImpl.invoke(Unknown Source)
	at sun.reflect.DelegatingMethodAccessorImpl.invoke(Unknown Source)
	at java.lang.reflect.Method.invoke(Unknown Source)
	at org.testng.internal.MethodInvocationHelper.invokeMethod(MethodInvocationHelper.java:86)
	at org.testng.internal.Invoker.invokeConfigurationMethod(Invoker.java:514)
	at org.testng.internal.Invoker.invokeConfigurations(Invoker.java:215)
	at org.testng.internal.Invoker.invokeConfigurations(Invoker.java:142)
	at org.testng.TestRunner.beforeRun(TestRunner.java:656)
	at org.testng.TestRunner.run(TestRunner.java:624)
	at org.testng.SuiteRunner.runTest(SuiteRunner.java:366)
	at org.testng.SuiteRunner.runSequentially(SuiteRunner.java:361)
	at org.testng.SuiteRunner.privateRun(SuiteRunner.java:319)
	at org.testng.SuiteRunner.run(SuiteRunner.java:268)
	at org.testng.SuiteRunnerWorker.runSuite(SuiteRunnerWorker.java:52)
	at org.testng.SuiteRunnerWorker.run(SuiteRunnerWorker.java:86)
	at org.testng.TestNG.runSuitesSequentially(TestNG.java:1244)
	at org.testng.TestNG.runSuitesLocally(TestNG.java:1169)
	at org.testng.TestNG.run(TestNG.java:1064)
	at org.testng.remote.RemoteTestNG.run(RemoteTestNG.java:113)
	at org.testng.remote.RemoteTestNG.initAndRun(RemoteTestNG.java:206)
	at org.testng.remote.RemoteTestNG.main(RemoteTestNG.java:177)
]]>
    </error>
  </testcase> <!-- promptAlert -->
</testsuite> <!-- AlertsSamples.alertMethods -->
